<?xml version="1.0" encoding="UTF-8"?>
<coverage generated="1707505439335" clover="3.2.0">
  <project timestamp="1707505439335" name="All files">
    <metrics statements="1" coveredstatements="1" conditionals="0" coveredconditionals="0" methods="1" coveredmethods="1" elements="2" coveredelements="2" complexity="0" loc="1" ncloc="1" packages="1" files="1" classes="1"/>
    <file name="Footer.jsx" path="C:\Users\dcbla\Documents\code\Portfolio\src\Footer.jsx">
      <metrics statements="1" coveredstatements="1" conditionals="0" coveredconditionals="0" methods="1" coveredmethods="1"/>
      <line num="5" count="1" type="stmt"/>
    </file>
  </project>
</coverage>
