{"C:\\Users\\dcbla\\Documents\\code\\Portfolio\\src\\Footer.jsx": {"path":"C:\\Users\\dcbla\\Documents\\code\\Portfolio\\src\\Footer.jsx","statementMap":{"0":{"start":{"line":5,"column":4},"end":{"line":19,"column":5}}},"fnMap":{"0":{"name":"Footer","decl":{"start":{"line":3,"column":24},"end":{"line":3,"column":30}},"loc":{"start":{"line":3,"column":32},"end":{"line":20,"column":1}},"line":3}},"branchMap":{},"s":{"0":1},"f":{"0":1},"b":{},"_coverageSchema":"1a1c01bbd47fc00a2c39e90264f33305004495a9","hash":"e0c75c01b82fe63a13b6aad85752c0cf5fe87df0"}
}
